{"C:/Users/shaik/work/ato_local/array_to_object/src/array_to_object.ts": {"path":"C:/Users/shaik/work/ato_local/array_to_object/src/array_to_object.ts","statementMap":{"0":{"start":{"line":1,"column":29},"end":{"line":7,"column":1}},"1":{"start":{"line":2,"column":37},"end":{"line":2,"column":39}},"2":{"start":{"line":3,"column":2},"end":{"line":5,"column":3}},"3":{"start":{"line":4,"column":4},"end":{"line":4,"column":39}},"4":{"start":{"line":4,"column":25},"end":{"line":4,"column":37}},"5":{"start":{"line":6,"column":2},"end":{"line":6,"column":11}},"6":{"start":{"line":1,"column":13},"end":{"line":1,"column":29}}},"fnMap":{"0":{"name":"(anonymous_0)","decl":{"start":{"line":1,"column":29},"end":{"line":1,"column":30}},"loc":{"start":{"line":1,"column":46},"end":{"line":7,"column":1}}}},"branchMap":{"0":{"loc":{"start":{"line":3,"column":2},"end":{"line":5,"column":3}},"type":"if","locations":[{"start":{"line":3,"column":2},"end":{"line":5,"column":3}},{"start":{"line":3,"column":2},"end":{"line":5,"column":3}}]}},"s":{"0":1,"1":5,"2":5,"3":4,"4":5,"5":5,"6":1},"f":{"0":5},"b":{"0":[4,1]}}
}
